<?xml version="1.0" encoding="UTF-8"?>
<!-- Generated by org.testng.reporters.JUnitReportReporter -->
<testsuite hostname="LAPTOP-P4MJUFAB" failures="0" tests="1" name="Demo.facebooksignupPage" time="20.450" errors="0" timestamp="2023-07-19T17:01:21 IST" skipped="0">
  <testcase classname="Demo.facebooksignupPage" name="f" time="20.450"/>
  <system-out/>
</testsuite> <!-- Demo.facebooksignupPage -->
