<?xml version="1.0" encoding="UTF-8"?>
<!-- Generated by org.testng.reporters.JUnitReportReporter -->
<testsuite hostname="LAPTOP-P4MJUFAB" failures="0" tests="1" name="Demo.facebbokcreateacntPage" time="65.085" errors="0" timestamp="2023-07-19T17:01:21 IST" skipped="0">
  <testcase classname="Demo.facebbokcreateacntPage" name="f" time="65.085"/>
  <system-out/>
</testsuite> <!-- Demo.facebbokcreateacntPage -->
