<?xml version="1.0" encoding="UTF-8"?>
<!-- Generated by org.testng.reporters.JUnitReportReporter -->
<testsuite hostname="LAPTOP-P4MJUFAB" failures="0" tests="1" name="Demo.AjioTest" time="154.463" errors="0" timestamp="2023-07-19T11:26:38 IST" skipped="0">
  <testcase classname="Demo.AjioTest" name="f" time="154.463"/>
  <system-out/>
</testsuite> <!-- Demo.AjioTest -->
